C:\lscc\diamond\3.10_x64\synpbase\bin64\c_vhdl.exe  -osyn  C:\workspace\hdl4fpga\ULX3S\diamond\project\synwork\project_project_hdl_.srs  -top  ulx3s  -prodtype  synplify_pro  -dspmac -fixsmult -infer_seqShift -nram -sdff_counter -divnmod -nostructver  -dfltencoding onehot  -encrypt  -pro  -dmgen  C:\workspace\hdl4fpga\ULX3S\diamond\project\dm  -lite -ui -fid2 -ram -sharing on -ll 2000 -autosm  -ignore_undefined_lib  -lib work C:\workspace\hdl4fpga\ULX3S\common\ulx3s.vhd -lib work C:\workspace\hdl4fpga\ULX3S\scopeio\scopeio_top.vhd -lib work C:\workspace\hdl4fpga\ULX3S\scopeio\usbserial_rxd.vhd -lib work C:\workspace\hdl4fpga\ULX3S\common\clk_verilog.vhd -lib work C:\workspace\hdl4fpga\ULX3S\common\clk_25_200_40_66_6.vhd -lib work C:\workspace\hdl4fpga\ULX3S\common\clk_200_48_24_12_6.vhd -lib work C:\workspace\hdl4fpga\ULX3S\common\hdl\vga.vhd -lib work C:\workspace\hdl4fpga\ULX3S\common\hdl\oled\oled_hex_decoder.vhd -lib work C:\workspace\hdl4fpga\ULX3S\common\hdl\oled\oled_init_pack.vhd -lib work C:\workspace\hdl4fpga\ULX3S\common\hdl\oled\oled_font_pack.vhd -lib work C:\workspace\hdl4fpga\ULX3S\common\hdl\oled\vga\oled_vga.vhd -lib work C:\workspace\hdl4fpga\ULX3S\common\hdl\oled\vga\oled_vga_init_pack.vhd -lib work C:\workspace\hdl4fpga\ULX3S\common\hdl\adc\max1112x_reader.vhd -lib work C:\workspace\hdl4fpga\ULX3S\common\hdl\adc\max1112x_init_pack.vhd -lib hdl4fpga C:\workspace\hdl4fpga\library\common\align.vhd -lib hdl4fpga C:\workspace\hdl4fpga\library\common\std.vhd -lib hdl4fpga C:\workspace\hdl4fpga\library\common\bram.vhd -lib hdl4fpga C:\workspace\hdl4fpga\library\common\dpram.vhd -lib hdl4fpga C:\workspace\hdl4fpga\library\common\bram_true2p_2clk.vhd -lib hdl4fpga C:\workspace\hdl4fpga\library\common\rom.vhd -lib hdl4fpga C:\workspace\hdl4fpga\library\common\bcddiv2e.vhd -lib hdl4fpga C:\workspace\hdl4fpga\library\common\vector.vhd -lib hdl4fpga C:\workspace\hdl4fpga\library\common\dbdbbl.vhd -lib hdl4fpga C:\workspace\hdl4fpga\library\common\stof.vhd -lib hdl4fpga C:\workspace\hdl4fpga\library\common\dtos.vhd -lib hdl4fpga C:\workspace\hdl4fpga\library\common\btod.vhd -lib hdl4fpga C:\workspace\hdl4fpga\library\common\btof.vhd -lib hdl4fpga C:\workspace\hdl4fpga\library\common\arbiter.vhd -lib hdl4fpga C:\workspace\hdl4fpga\library\scope\scopeio.vhd -lib hdl4fpga C:\workspace\hdl4fpga\library\scope\scopeiopkg.vhd -lib hdl4fpga C:\workspace\hdl4fpga\library\scope\scopeio_capture.vhd -lib hdl4fpga C:\workspace\hdl4fpga\library\scope\scopeio_capture1shot.vhd -lib hdl4fpga C:\workspace\hdl4fpga\library\scope\scopeio_storage.vhd -lib hdl4fpga C:\workspace\hdl4fpga\library\scope\scopeio_resize.vhd -lib hdl4fpga C:\workspace\hdl4fpga\library\scope\scopeio_video.vhd -lib hdl4fpga C:\workspace\hdl4fpga\library\scope\scopeio_textbox.vhd -lib hdl4fpga C:\workspace\hdl4fpga\library\scope\scopeio_pointer.vhd -lib hdl4fpga C:\workspace\hdl4fpga\library\scope\scopeio_ps2mouse2daisy.vhd -lib hdl4fpga C:\workspace\hdl4fpga\library\scope\scopeio_usbmouse2daisy.vhd -lib hdl4fpga C:\workspace\hdl4fpga\library\scope\scopeio_hostmouse2daisy.vhd -lib hdl4fpga C:\workspace\hdl4fpga\library\ps2mouse\mousem.vhd -lib hdl4fpga C:\workspace\hdl4fpga\library\scope\scopeio_mouse2rgtr.vhd -lib hdl4fpga C:\workspace\hdl4fpga\library\scope\scopeio_rgtr2daisy.vhd -lib hdl4fpga C:\workspace\hdl4fpga\library\scope\scopeio_miiudp.vhd -lib hdl4fpga C:\workspace\hdl4fpga\library\scope\scopeio_istream.vhd -lib hdl4fpga C:\workspace\hdl4fpga\library\scope\scopeio_istreamdaisy.vhd -lib hdl4fpga C:\workspace\hdl4fpga\library\scope\scopeio_sin.vhd -lib hdl4fpga C:\workspace\hdl4fpga\library\scope\scopeio_udpipdaisy.vhd -lib hdl4fpga C:\workspace\hdl4fpga\library\scope\scopeio_tds_1shot.vhd -lib hdl4fpga C:\workspace\hdl4fpga\library\scope\scopeio_rgtrtrigger.vhd -lib hdl4fpga C:\workspace\hdl4fpga\library\scope\scopeio_rgtrgain.vhd -lib hdl4fpga C:\workspace\hdl4fpga\library\scope\scopeio_rgtrpointer.vhd -lib hdl4fpga C:\workspace\hdl4fpga\library\scope\scopeio_rgtrvtaxis.vhd -lib hdl4fpga C:\workspace\hdl4fpga\library\scope\scopeio_rgtrpalette.vhd -lib hdl4fpga C:\workspace\hdl4fpga\library\scope\scopeio_rgtrhzaxis.vhd -lib hdl4fpga C:\workspace\hdl4fpga\library\scope\scopeio_amp.vhd -lib hdl4fpga C:\workspace\hdl4fpga\library\scope\scopeio_downsampler.vhd -lib hdl4fpga C:\workspace\hdl4fpga\library\scope\scopeio_grid.vhd -lib hdl4fpga C:\workspace\hdl4fpga\library\scope\scopeio_palette.vhd -lib hdl4fpga C:\workspace\hdl4fpga\library\scope\scopeio_segment.vhd -lib hdl4fpga C:\workspace\hdl4fpga\library\scope\scopeio_tracer.vhd -lib hdl4fpga C:\workspace\hdl4fpga\library\scope\scopeio_trigger.vhd -lib hdl4fpga C:\workspace\hdl4fpga\library\scope\scopeio_axis.vhd -lib hdl4fpga C:\workspace\hdl4fpga\library\scope\scopeio_btof.vhd -lib hdl4fpga C:\workspace\hdl4fpga\library\scope\scopeio_float2btof.vhd -lib hdl4fpga C:\workspace\hdl4fpga\library\scope\scopeio_layout.vhd -lib hdl4fpga C:\workspace\hdl4fpga\library\uart\uart_rx.vhd -lib hdl4fpga C:\workspace\hdl4fpga\library\uart\uart_rx_f32c.vhd -lib hdl4fpga C:\workspace\hdl4fpga\library\mii\miirx_pre.vhd -lib hdl4fpga C:\workspace\hdl4fpga\library\mii\mii_1chksum.vhd -lib hdl4fpga C:\workspace\hdl4fpga\library\mii\mii_cat.vhd -lib hdl4fpga C:\workspace\hdl4fpga\library\mii\mii_cmp.vhd -lib hdl4fpga C:\workspace\hdl4fpga\library\mii\mii_crc32.vhd -lib hdl4fpga C:\workspace\hdl4fpga\library\mii\mii_ipcfg.vhd -lib hdl4fpga C:\workspace\hdl4fpga\library\mii\mii_pll2ser.vhd -lib hdl4fpga C:\workspace\hdl4fpga\library\mii\mii_pllcmp.vhd -lib hdl4fpga C:\workspace\hdl4fpga\library\mii\mii_ram.vhd -lib hdl4fpga C:\workspace\hdl4fpga\library\mii\mii_rom.vhd -lib hdl4fpga C:\workspace\hdl4fpga\library\mii\mii_romcmp.vhd -lib hdl4fpga C:\workspace\hdl4fpga\library\mii\miitx_dll.vhd -lib hdl4fpga C:\workspace\hdl4fpga\library\usb\usbcdc\usb_serial.vhd -lib hdl4fpga C:\workspace\hdl4fpga\library\usb\usbcdc\usb_mii.vhd -lib hdl4fpga C:\workspace\hdl4fpga\library\usb\usbcdc\usb_cdc_descriptor_pack.vhd -lib hdl4fpga C:\workspace\hdl4fpga\library\usb\usbcdc\usb_transact.vhd -lib hdl4fpga C:\workspace\hdl4fpga\library\usb\usbcdc\usb_packet.vhd -lib hdl4fpga C:\workspace\hdl4fpga\library\usb\usbcdc\usb_init.vhd -lib hdl4fpga C:\workspace\hdl4fpga\library\usb\usbcdc\usb_control.vhd -lib hdl4fpga C:\workspace\hdl4fpga\library\usb\usbhost\usbh_host_hid.vhd -lib hdl4fpga C:\workspace\hdl4fpga\library\usb\usbhost\usbh_setup_pack.vhd -lib hdl4fpga C:\workspace\hdl4fpga\library\usb\usbhost\usbh_report_decoder_logitech_mouse.vhd -lib hdl4fpga C:\workspace\hdl4fpga\library\usb\usbhost\usbh_sie_vhdl.vhd -lib hdl4fpga C:\workspace\hdl4fpga\library\usb\usb11_phy_vhdl\usb_phy_transciver.vhd -lib hdl4fpga C:\workspace\hdl4fpga\library\usb\usb11_phy_vhdl\usb_phy.vhd -lib hdl4fpga C:\workspace\hdl4fpga\library\usb\usb11_phy_vhdl\usb_rx_phy_48MHz.vhd -lib hdl4fpga C:\workspace\hdl4fpga\library\usb\usb11_phy_vhdl\usb_tx_phy.vhd -lib hdl4fpga C:\workspace\hdl4fpga\library\usb\ulpi_wrapper\ulpi_wrapper_vhdl.vhd -lib hdl4fpga C:\workspace\hdl4fpga\library\video\video.vhd -lib hdl4fpga C:\workspace\hdl4fpga\library\video\videopkg.vhd -lib hdl4fpga C:\workspace\hdl4fpga\library\video\cgafonts.vhd -lib hdl4fpga C:\workspace\hdl4fpga\library\video\cga_rom.vhd -lib hdl4fpga C:\workspace\hdl4fpga\library\video\vga2dvid.vhd -lib hdl4fpga C:\workspace\hdl4fpga\library\video\tmds_encoder.vhd -lib hdl4fpga C:\workspace\hdl4fpga\library\video\cga_adapter.vhd -lib work C:\workspace\hdl4fpga\library\video\cgafonts\psf1bcd4x4.vhd -lib work C:\workspace\hdl4fpga\library\video\cgafonts\psf1cp850x8x8.vhd -lib hdl4fpga C:\workspace\hdl4fpga\library\video\cgafonts\psf1cp850x8x16.vhd -lib work C:\workspace\hdl4fpga\library\video\cgafonts\psf1cp850x8x16_00_to_F7.vhd -lib work C:\workspace\hdl4fpga\library\video\cgafonts\psf1cp850x8x16_80_to_FF.vhd -lib work C:\workspace\hdl4fpga\library\video\cgafonts\psf1digit8x8.vhd -lib work C:\workspace\hdl4fpga\library\video\cgafonts\psf1mag32x16.vhd  -log  C:\workspace\hdl4fpga\ULX3S\diamond\project\syntax.log  -fileorder  C:\workspace\hdl4fpga\ULX3S\diamond\project\syntmp\hdlorder.tcl  -jobname  "hdl_info_gen" 
relcom:..\..\..\..\..\..\lscc\diamond\3.10_x64\synpbase\bin64\c_vhdl.exe -osyn ..\synwork\project_project_hdl_.srs -top ulx3s -prodtype synplify_pro -dspmac -fixsmult -infer_seqShift -nram -sdff_counter -divnmod -nostructver -dfltencoding onehot -encrypt -pro -dmgen ..\dm -lite -ui -fid2 -ram -sharing on -ll 2000 -autosm -ignore_undefined_lib -lib work ..\..\..\common\ulx3s.vhd -lib work ..\..\..\scopeio\scopeio_top.vhd -lib work ..\..\..\scopeio\usbserial_rxd.vhd -lib work ..\..\..\common\clk_verilog.vhd -lib work ..\..\..\common\clk_25_200_40_66_6.vhd -lib work ..\..\..\common\clk_200_48_24_12_6.vhd -lib work ..\..\..\common\hdl\vga.vhd -lib work ..\..\..\common\hdl\oled\oled_hex_decoder.vhd -lib work ..\..\..\common\hdl\oled\oled_init_pack.vhd -lib work ..\..\..\common\hdl\oled\oled_font_pack.vhd -lib work ..\..\..\common\hdl\oled\vga\oled_vga.vhd -lib work ..\..\..\common\hdl\oled\vga\oled_vga_init_pack.vhd -lib work ..\..\..\common\hdl\adc\max1112x_reader.vhd -lib work ..\..\..\common\hdl\adc\max1112x_init_pack.vhd -lib hdl4fpga ..\..\..\..\library\common\align.vhd -lib hdl4fpga ..\..\..\..\library\common\std.vhd -lib hdl4fpga ..\..\..\..\library\common\bram.vhd -lib hdl4fpga ..\..\..\..\library\common\dpram.vhd -lib hdl4fpga ..\..\..\..\library\common\bram_true2p_2clk.vhd -lib hdl4fpga ..\..\..\..\library\common\rom.vhd -lib hdl4fpga ..\..\..\..\library\common\bcddiv2e.vhd -lib hdl4fpga ..\..\..\..\library\common\vector.vhd -lib hdl4fpga ..\..\..\..\library\common\dbdbbl.vhd -lib hdl4fpga ..\..\..\..\library\common\stof.vhd -lib hdl4fpga ..\..\..\..\library\common\dtos.vhd -lib hdl4fpga ..\..\..\..\library\common\btod.vhd -lib hdl4fpga ..\..\..\..\library\common\btof.vhd -lib hdl4fpga ..\..\..\..\library\common\arbiter.vhd -lib hdl4fpga ..\..\..\..\library\scope\scopeio.vhd -lib hdl4fpga ..\..\..\..\library\scope\scopeiopkg.vhd -lib hdl4fpga ..\..\..\..\library\scope\scopeio_capture.vhd -lib hdl4fpga ..\..\..\..\library\scope\scopeio_capture1shot.vhd -lib hdl4fpga ..\..\..\..\library\scope\scopeio_storage.vhd -lib hdl4fpga ..\..\..\..\library\scope\scopeio_resize.vhd -lib hdl4fpga ..\..\..\..\library\scope\scopeio_video.vhd -lib hdl4fpga ..\..\..\..\library\scope\scopeio_textbox.vhd -lib hdl4fpga ..\..\..\..\library\scope\scopeio_pointer.vhd -lib hdl4fpga ..\..\..\..\library\scope\scopeio_ps2mouse2daisy.vhd -lib hdl4fpga ..\..\..\..\library\scope\scopeio_usbmouse2daisy.vhd -lib hdl4fpga ..\..\..\..\library\scope\scopeio_hostmouse2daisy.vhd -lib hdl4fpga ..\..\..\..\library\ps2mouse\mousem.vhd -lib hdl4fpga ..\..\..\..\library\scope\scopeio_mouse2rgtr.vhd -lib hdl4fpga ..\..\..\..\library\scope\scopeio_rgtr2daisy.vhd -lib hdl4fpga ..\..\..\..\library\scope\scopeio_miiudp.vhd -lib hdl4fpga ..\..\..\..\library\scope\scopeio_istream.vhd -lib hdl4fpga ..\..\..\..\library\scope\scopeio_istreamdaisy.vhd -lib hdl4fpga ..\..\..\..\library\scope\scopeio_sin.vhd -lib hdl4fpga ..\..\..\..\library\scope\scopeio_udpipdaisy.vhd -lib hdl4fpga ..\..\..\..\library\scope\scopeio_tds_1shot.vhd -lib hdl4fpga ..\..\..\..\library\scope\scopeio_rgtrtrigger.vhd -lib hdl4fpga ..\..\..\..\library\scope\scopeio_rgtrgain.vhd -lib hdl4fpga ..\..\..\..\library\scope\scopeio_rgtrpointer.vhd -lib hdl4fpga ..\..\..\..\library\scope\scopeio_rgtrvtaxis.vhd -lib hdl4fpga ..\..\..\..\library\scope\scopeio_rgtrpalette.vhd -lib hdl4fpga ..\..\..\..\library\scope\scopeio_rgtrhzaxis.vhd -lib hdl4fpga ..\..\..\..\library\scope\scopeio_amp.vhd -lib hdl4fpga ..\..\..\..\library\scope\scopeio_downsampler.vhd -lib hdl4fpga ..\..\..\..\library\scope\scopeio_grid.vhd -lib hdl4fpga ..\..\..\..\library\scope\scopeio_palette.vhd -lib hdl4fpga ..\..\..\..\library\scope\scopeio_segment.vhd -lib hdl4fpga ..\..\..\..\library\scope\scopeio_tracer.vhd -lib hdl4fpga ..\..\..\..\library\scope\scopeio_trigger.vhd -lib hdl4fpga ..\..\..\..\library\scope\scopeio_axis.vhd -lib hdl4fpga ..\..\..\..\library\scope\scopeio_btof.vhd -lib hdl4fpga ..\..\..\..\library\scope\scopeio_float2btof.vhd -lib hdl4fpga ..\..\..\..\library\scope\scopeio_layout.vhd -lib hdl4fpga ..\..\..\..\library\uart\uart_rx.vhd -lib hdl4fpga ..\..\..\..\library\uart\uart_rx_f32c.vhd -lib hdl4fpga ..\..\..\..\library\mii\miirx_pre.vhd -lib hdl4fpga ..\..\..\..\library\mii\mii_1chksum.vhd -lib hdl4fpga ..\..\..\..\library\mii\mii_cat.vhd -lib hdl4fpga ..\..\..\..\library\mii\mii_cmp.vhd -lib hdl4fpga ..\..\..\..\library\mii\mii_crc32.vhd -lib hdl4fpga ..\..\..\..\library\mii\mii_ipcfg.vhd -lib hdl4fpga ..\..\..\..\library\mii\mii_pll2ser.vhd -lib hdl4fpga ..\..\..\..\library\mii\mii_pllcmp.vhd -lib hdl4fpga ..\..\..\..\library\mii\mii_ram.vhd -lib hdl4fpga ..\..\..\..\library\mii\mii_rom.vhd -lib hdl4fpga ..\..\..\..\library\mii\mii_romcmp.vhd -lib hdl4fpga ..\..\..\..\library\mii\miitx_dll.vhd -lib hdl4fpga ..\..\..\..\library\usb\usbcdc\usb_serial.vhd -lib hdl4fpga ..\..\..\..\library\usb\usbcdc\usb_mii.vhd -lib hdl4fpga ..\..\..\..\library\usb\usbcdc\usb_cdc_descriptor_pack.vhd -lib hdl4fpga ..\..\..\..\library\usb\usbcdc\usb_transact.vhd -lib hdl4fpga ..\..\..\..\library\usb\usbcdc\usb_packet.vhd -lib hdl4fpga ..\..\..\..\library\usb\usbcdc\usb_init.vhd -lib hdl4fpga ..\..\..\..\library\usb\usbcdc\usb_control.vhd -lib hdl4fpga ..\..\..\..\library\usb\usbhost\usbh_host_hid.vhd -lib hdl4fpga ..\..\..\..\library\usb\usbhost\usbh_setup_pack.vhd -lib hdl4fpga ..\..\..\..\library\usb\usbhost\usbh_report_decoder_logitech_mouse.vhd -lib hdl4fpga ..\..\..\..\library\usb\usbhost\usbh_sie_vhdl.vhd -lib hdl4fpga ..\..\..\..\library\usb\usb11_phy_vhdl\usb_phy_transciver.vhd -lib hdl4fpga ..\..\..\..\library\usb\usb11_phy_vhdl\usb_phy.vhd -lib hdl4fpga ..\..\..\..\library\usb\usb11_phy_vhdl\usb_rx_phy_48MHz.vhd -lib hdl4fpga ..\..\..\..\library\usb\usb11_phy_vhdl\usb_tx_phy.vhd -lib hdl4fpga ..\..\..\..\library\usb\ulpi_wrapper\ulpi_wrapper_vhdl.vhd -lib hdl4fpga ..\..\..\..\library\video\video.vhd -lib hdl4fpga ..\..\..\..\library\video\videopkg.vhd -lib hdl4fpga ..\..\..\..\library\video\cgafonts.vhd -lib hdl4fpga ..\..\..\..\library\video\cga_rom.vhd -lib hdl4fpga ..\..\..\..\library\video\vga2dvid.vhd -lib hdl4fpga ..\..\..\..\library\video\tmds_encoder.vhd -lib hdl4fpga ..\..\..\..\library\video\cga_adapter.vhd -lib work ..\..\..\..\library\video\cgafonts\psf1bcd4x4.vhd -lib work ..\..\..\..\library\video\cgafonts\psf1cp850x8x8.vhd -lib hdl4fpga ..\..\..\..\library\video\cgafonts\psf1cp850x8x16.vhd -lib work ..\..\..\..\library\video\cgafonts\psf1cp850x8x16_00_to_F7.vhd -lib work ..\..\..\..\library\video\cgafonts\psf1cp850x8x16_80_to_FF.vhd -lib work ..\..\..\..\library\video\cgafonts\psf1digit8x8.vhd -lib work ..\..\..\..\library\video\cgafonts\psf1mag32x16.vhd -log ..\syntax.log -fileorder hdlorder.tcl -jobname "hdl_info_gen"
rc:2 success:0 runtime:2
file:..\synwork\project_project_hdl_.srs|io:o|time:0|size:0|exec:0|csum:
file:..\..\..\common\ulx3s.vhd|io:i|time:1570899733|size:5085|exec:0|csum:49A9636BFB258ED14CA8B3DDFBF61DC7
file:..\..\..\scopeio\scopeio_top.vhd|io:i|time:1570899733|size:52964|exec:0|csum:7AD0392B953A1755C9AA018A17507671
file:..\..\..\scopeio\usbserial_rxd.vhd|io:i|time:1570899733|size:11314|exec:0|csum:5E83B86900EE4D3085161A1BEF64DEB6
file:..\..\..\common\clk_verilog.vhd|io:i|time:1570899733|size:1319|exec:0|csum:B8D280FC4076D572199010B2116A8DC5
file:..\..\..\common\clk_25_200_40_66_6.vhd|io:i|time:1570899733|size:3839|exec:0|csum:5671C7CFD1EEEC049D8A0172E2DBD614
file:..\..\..\common\clk_200_48_24_12_6.vhd|io:i|time:1570899733|size:3856|exec:0|csum:87B3841B85E3F18967A705ACC7F646BD
file:..\..\..\common\hdl\vga.vhd|io:i|time:1570899733|size:6632|exec:0|csum:43E1A342006D3FA51241A06F2FE968FC
file:..\..\..\common\hdl\oled\oled_hex_decoder.vhd|io:i|time:1570899733|size:9580|exec:0|csum:F3DFA00A41033CD80A1F04B7973415F4
file:..\..\..\common\hdl\oled\oled_init_pack.vhd|io:i|time:1570899733|size:3858|exec:0|csum:DB8709ABA2B398DF1946EC4FBFFD5274
file:..\..\..\common\hdl\oled\oled_font_pack.vhd|io:i|time:1570899733|size:2835|exec:0|csum:CB4CBC345D331C52A9784DEEE9EA59B6
file:..\..\..\common\hdl\oled\vga\oled_vga.vhd|io:i|time:1570899733|size:5184|exec:0|csum:D135F9BFFDAA9560764BD70CCDC692B1
file:..\..\..\common\hdl\oled\vga\oled_vga_init_pack.vhd|io:i|time:1570899733|size:3862|exec:0|csum:B2736D6948B9A772E82D4AF29A5BE4EF
file:..\..\..\common\hdl\adc\max1112x_reader.vhd|io:i|time:1570899733|size:5394|exec:0|csum:43FDF0A6EE6347D0FC941CCB1F8A7D4C
file:..\..\..\common\hdl\adc\max1112x_init_pack.vhd|io:i|time:1570899733|size:3130|exec:0|csum:64B17E94FD638908F6939971205743C8
file:..\..\..\..\library\common\align.vhd|io:i|time:1570899734|size:2843|exec:0|csum:9F0294338BBC4BF54A4B717C01579F38
file:..\..\..\..\library\common\std.vhd|io:i|time:1570899734|size:35600|exec:0|csum:6EBABE070520F649173C57A0AC869921
file:..\..\..\..\library\common\bram.vhd|io:i|time:1570899734|size:3925|exec:0|csum:DFC54946EE50F8E6B91C9182C9DA97BB
file:..\..\..\..\library\common\dpram.vhd|io:i|time:1570899734|size:4294|exec:0|csum:38988478C26A2DFC216CBE09A97EA712
file:..\..\..\..\library\common\bram_true2p_2clk.vhd|io:i|time:1570899734|size:2597|exec:0|csum:D3F33EB8A15C3BCE4C6181BC6B89CED9
file:..\..\..\..\library\common\rom.vhd|io:i|time:1570899734|size:3305|exec:0|csum:2B799C39EDDF4476A70B67A9EFC19ED5
file:..\..\..\..\library\common\bcddiv2e.vhd|io:i|time:1570899734|size:1899|exec:0|csum:CBEC6BB661C3DFB17071BC712305A27B
file:..\..\..\..\library\common\vector.vhd|io:i|time:1570899734|size:2575|exec:0|csum:964E472FB21E8A89BCA2A95CAA12CDBE
file:..\..\..\..\library\common\dbdbbl.vhd|io:i|time:1570899734|size:1694|exec:0|csum:F549E67E5A4F777AEDE61A880AB6E16C
file:..\..\..\..\library\common\stof.vhd|io:i|time:1570899734|size:7157|exec:0|csum:6CF3E3B4B9AD393AECD8D44C12A1677A
file:..\..\..\..\library\common\dtos.vhd|io:i|time:1570899734|size:3411|exec:0|csum:5487772D85B565085820E9A9A25CDA39
file:..\..\..\..\library\common\btod.vhd|io:i|time:1570899734|size:3440|exec:0|csum:098045E7AE69062A11244E63DD9194E8
file:..\..\..\..\library\common\btof.vhd|io:i|time:1570899734|size:6354|exec:0|csum:327F69A424BC3F8EC1940B81B87467BB
file:..\..\..\..\library\common\arbiter.vhd|io:i|time:1570899734|size:2768|exec:0|csum:116A37B7D6688B1C7B7A696B419B06B8
file:..\..\..\..\library\scope\scopeio.vhd|io:i|time:1570899734|size:10177|exec:0|csum:9D7217FE3B3F8F82946E73FCFFDD5303
file:..\..\..\..\library\scope\scopeiopkg.vhd|io:i|time:1570899734|size:51624|exec:0|csum:DFF6CC72F351E1C66DC7E2B62F713946
file:..\..\..\..\library\scope\scopeio_capture.vhd|io:i|time:1570899734|size:7418|exec:0|csum:2B71E4249C361BBD9C54AE3582591FCF
file:..\..\..\..\library\scope\scopeio_capture1shot.vhd|io:i|time:1570899734|size:10220|exec:0|csum:CE3EBC816659AD8C0256E6B8EA056176
file:..\..\..\..\library\scope\scopeio_storage.vhd|io:i|time:1570899734|size:7189|exec:0|csum:5552FFEF0CE171DC5041D2429E0DBB2E
file:..\..\..\..\library\scope\scopeio_resize.vhd|io:i|time:1570899734|size:3590|exec:0|csum:9C14D8A8FF7684D44AEB65FF6A5F5885
file:..\..\..\..\library\scope\scopeio_video.vhd|io:i|time:1570899734|size:15587|exec:0|csum:4F5BC40FCEDA42C1FDEBF7476DDEE520
file:..\..\..\..\library\scope\scopeio_textbox.vhd|io:i|time:1570900985|size:16975|exec:0|csum:E487EDE5EFDACFE6F6C292E2C1218F91
file:..\..\..\..\library\scope\scopeio_pointer.vhd|io:i|time:1570899734|size:3348|exec:0|csum:A7EA0C47D8A4834C9CBD3AD90892248D
file:..\..\..\..\library\scope\scopeio_ps2mouse2daisy.vhd|io:i|time:1570899734|size:3603|exec:0|csum:03391CD8B883109895744E6FE98C31A0
file:..\..\..\..\library\scope\scopeio_usbmouse2daisy.vhd|io:i|time:1570899734|size:5437|exec:0|csum:B1FE6B8AE383570E64D29372D8E767DA
file:..\..\..\..\library\scope\scopeio_hostmouse2daisy.vhd|io:i|time:1570899734|size:3484|exec:0|csum:48955B1027CCECE60AB4FD5DF183D244
file:..\..\..\..\library\ps2mouse\mousem.vhd|io:i|time:1570899734|size:8241|exec:0|csum:C7BD4852CE2BF0D6A35EA9608017EA8E
file:..\..\..\..\library\scope\scopeio_mouse2rgtr.vhd|io:i|time:1570899734|size:47267|exec:0|csum:E739305BDEC6F5A65A8122E74C05490C
file:..\..\..\..\library\scope\scopeio_rgtr2daisy.vhd|io:i|time:1570899734|size:2878|exec:0|csum:69F6124F1C17AA249F0674DA6F46CF63
file:..\..\..\..\library\scope\scopeio_miiudp.vhd|io:i|time:1570899734|size:4049|exec:0|csum:ED97384F885B5177766A16C8D70067E3
file:..\..\..\..\library\scope\scopeio_istream.vhd|io:i|time:1570899734|size:2859|exec:0|csum:D57B24D07BE56591FCB811E6967BD76E
file:..\..\..\..\library\scope\scopeio_istreamdaisy.vhd|io:i|time:1570899734|size:3459|exec:0|csum:DEDB8D1C621D7FA27E5D10F34B51E040
file:..\..\..\..\library\scope\scopeio_sin.vhd|io:i|time:1570899734|size:4113|exec:0|csum:B8CCD47BE090A55C121CE72ECEBDAC16
file:..\..\..\..\library\scope\scopeio_udpipdaisy.vhd|io:i|time:1570899734|size:3570|exec:0|csum:C66DF7AE65167967DE75D3B67280C48C
file:..\..\..\..\library\scope\scopeio_tds_1shot.vhd|io:i|time:1570899734|size:8871|exec:0|csum:5BD43036E61DED5D15C2D5073D1141D0
file:..\..\..\..\library\scope\scopeio_rgtrtrigger.vhd|io:i|time:1570899734|size:1864|exec:0|csum:C88C2A857DCAAA92F806F5A8093417F4
file:..\..\..\..\library\scope\scopeio_rgtrgain.vhd|io:i|time:1570899734|size:1554|exec:0|csum:07CBC50E8E42BB84629046B3BB1D7163
file:..\..\..\..\library\scope\scopeio_rgtrpointer.vhd|io:i|time:1570899734|size:1342|exec:0|csum:758498E52EDAB9F1A87B4ED6A0C13EDD
file:..\..\..\..\library\scope\scopeio_rgtrvtaxis.vhd|io:i|time:1570899734|size:1411|exec:0|csum:BA497F2531A5E5E50759CA5DB3D9D700
file:..\..\..\..\library\scope\scopeio_rgtrpalette.vhd|io:i|time:1570899734|size:1452|exec:0|csum:4A00BB2E14EF123CD26F7D735BC7B8FA
file:..\..\..\..\library\scope\scopeio_rgtrhzaxis.vhd|io:i|time:1570899734|size:1321|exec:0|csum:355A96243DDCB017A2F1C9F6E192E3FE
file:..\..\..\..\library\scope\scopeio_amp.vhd|io:i|time:1570899734|size:2804|exec:0|csum:611330703E8BFB49452992E6239337C0
file:..\..\..\..\library\scope\scopeio_downsampler.vhd|io:i|time:1570899734|size:4151|exec:0|csum:006B85D25702D51A0E64149793BE07F1
file:..\..\..\..\library\scope\scopeio_grid.vhd|io:i|time:1570899734|size:1598|exec:0|csum:814D424E44A3F03526402704995299F9
file:..\..\..\..\library\scope\scopeio_palette.vhd|io:i|time:1570899734|size:4810|exec:0|csum:B60CA1E5BDF5F941605308DEAB825423
file:..\..\..\..\library\scope\scopeio_segment.vhd|io:i|time:1570899734|size:7994|exec:0|csum:026E0AC56FE500C3BCB8A8E49BBABABC
file:..\..\..\..\library\scope\scopeio_tracer.vhd|io:i|time:1570899734|size:1390|exec:0|csum:0521A978245B83849F512B787289F04E
file:..\..\..\..\library\scope\scopeio_trigger.vhd|io:i|time:1570899734|size:1489|exec:0|csum:4734CB9E000C96200C11DB58DAB2744D
file:..\..\..\..\library\scope\scopeio_axis.vhd|io:i|time:1570913263|size:18512|exec:0|csum:2852775781E5B7967211C3E23F038582
file:..\..\..\..\library\scope\scopeio_btof.vhd|io:i|time:1570899734|size:4823|exec:0|csum:224704DECB904174B3A731F07E180CBA
file:..\..\..\..\library\scope\scopeio_float2btof.vhd|io:i|time:1570899734|size:1004|exec:0|csum:C0ACA39738C9AB503C0AF708FFEB43E3
file:..\..\..\..\library\scope\scopeio_layout.vhd|io:i|time:1570899734|size:12772|exec:0|csum:C76D01E0435786FA541D2A1893BFA7E0
file:..\..\..\..\library\uart\uart_rx.vhd|io:i|time:1570899734|size:5045|exec:0|csum:E798802554632BD0DF1D459A02371490
file:..\..\..\..\library\uart\uart_rx_f32c.vhd|io:i|time:1570899734|size:2447|exec:0|csum:E58089DBF540C2F2C00B5BA0095915FA
file:..\..\..\..\library\mii\miirx_pre.vhd|io:i|time:1570899734|size:2954|exec:0|csum:AC470047984E8C9D0E279BB67A2EC58E
file:..\..\..\..\library\mii\mii_1chksum.vhd|io:i|time:1570899734|size:3686|exec:0|csum:BD1F26122CF1650F7C524B16B60DA45D
file:..\..\..\..\library\mii\mii_cat.vhd|io:i|time:1570899734|size:3195|exec:0|csum:06168ED15DBD0B5C4051FC4D0708291C
file:..\..\..\..\library\mii\mii_cmp.vhd|io:i|time:1570899734|size:2683|exec:0|csum:B5ECC1E1C717782F73D509D087D59353
file:..\..\..\..\library\mii\mii_crc32.vhd|io:i|time:1570899734|size:2831|exec:0|csum:0B573F4CB073453D983378B0CF74A461
file:..\..\..\..\library\mii\mii_ipcfg.vhd|io:i|time:1570899734|size:34748|exec:0|csum:A74778CB9C8345733E13DE6D1EF1C365
file:..\..\..\..\library\mii\mii_pll2ser.vhd|io:i|time:1570899734|size:3520|exec:0|csum:8CD2FD12819511977C2AFC58E2AC8E2A
file:..\..\..\..\library\mii\mii_pllcmp.vhd|io:i|time:1570899734|size:2856|exec:0|csum:B5CD30742AFB781CAD27AF64F730F6C7
file:..\..\..\..\library\mii\mii_ram.vhd|io:i|time:1570899734|size:3470|exec:0|csum:0515BB98CF1C1A7726158CC4E34C4D50
file:..\..\..\..\library\mii\mii_rom.vhd|io:i|time:1570899734|size:3666|exec:0|csum:9A02D4270C0CFF480D68E19FB5DEDFD9
file:..\..\..\..\library\mii\mii_romcmp.vhd|io:i|time:1570899734|size:2877|exec:0|csum:AE1CFDE7E64196B5FB390050FDA6C987
file:..\..\..\..\library\mii\miitx_dll.vhd|io:i|time:1570899734|size:4772|exec:0|csum:B7629F593BF5ECE17F29B656D20AA863
file:..\..\..\..\library\usb\usbcdc\usb_serial.vhd|io:i|time:1570899734|size:45228|exec:0|csum:40E861B8FB8390B7E18DD22158353C4C
file:..\..\..\..\library\usb\usbcdc\usb_mii.vhd|io:i|time:1570899734|size:6836|exec:0|csum:E0CAB1FA0B526ABAF55BC3AF97EA7B4D
file:..\..\..\..\library\usb\usbcdc\usb_cdc_descriptor_pack.vhd|io:i|time:1570899734|size:17687|exec:0|csum:B8C0D66FB725BE08D9BC4AB9CBA37532
file:..\..\..\..\library\usb\usbcdc\usb_transact.vhd|io:i|time:1570899734|size:25559|exec:0|csum:9219AA99ED98296FA144D14BD1D82CCC
file:..\..\..\..\library\usb\usbcdc\usb_packet.vhd|io:i|time:1570899734|size:15267|exec:0|csum:CDB71E10638B5853E1002D3E4C97F85C
file:..\..\..\..\library\usb\usbcdc\usb_init.vhd|io:i|time:1570899734|size:15541|exec:0|csum:DA1BA270CC859499DA900CB9717116B7
file:..\..\..\..\library\usb\usbcdc\usb_control.vhd|io:i|time:1570899734|size:29930|exec:0|csum:D1374981028DA2293A18095E40221D28
file:..\..\..\..\library\usb\usbhost\usbh_host_hid.vhd|io:i|time:1570899734|size:23966|exec:0|csum:F7D63FD53C9217B87D9A6A61435960FD
file:..\..\..\..\library\usb\usbhost\usbh_setup_pack.vhd|io:i|time:1570899734|size:5200|exec:0|csum:8AF4348549C76B9694A875C66B77E7A6
file:..\..\..\..\library\usb\usbhost\usbh_report_decoder_logitech_mouse.vhd|io:i|time:1570899734|size:1063|exec:0|csum:FCF89EC768DD1158349FBF30149E83AF
file:..\..\..\..\library\usb\usbhost\usbh_sie_vhdl.vhd|io:i|time:1570899734|size:4826|exec:0|csum:7C1EEEA555CB7176B016213B6BE464A4
file:..\..\..\..\library\usb\usb11_phy_vhdl\usb_phy_transciver.vhd|io:i|time:1570899734|size:3841|exec:0|csum:863D46EE997D1D537236C5FCEB5E0352
file:..\..\..\..\library\usb\usb11_phy_vhdl\usb_phy.vhd|io:i|time:1570899734|size:9082|exec:0|csum:75F0A3B71693BEBB40B7425DB70A8B61
file:..\..\..\..\library\usb\usb11_phy_vhdl\usb_rx_phy_48MHz.vhd|io:i|time:1570899734|size:21431|exec:0|csum:69BB6339A5E0A34EC0C63C867CD06767
file:..\..\..\..\library\usb\usb11_phy_vhdl\usb_tx_phy.vhd|io:i|time:1570899734|size:17405|exec:0|csum:2024EBAA21A5DC911378784B80C2B481
file:..\..\..\..\library\usb\ulpi_wrapper\ulpi_wrapper_vhdl.vhd|io:i|time:1570899734|size:3159|exec:0|csum:3B9AA4BABF6C020134BB102BE18A2B03
file:..\..\..\..\library\video\video.vhd|io:i|time:1570899734|size:10607|exec:0|csum:B3F251BDD33BECF34A603EDA4021ECE2
file:..\..\..\..\library\video\videopkg.vhd|io:i|time:1570899734|size:5208|exec:0|csum:CF61169014DFB47A436EB25E4D031170
file:..\..\..\..\library\video\cgafonts.vhd|io:i|time:1570902242|size:2592|exec:0|csum:9D0D405EFADACFC74D48FB29CB940493
file:..\..\..\..\library\video\cga_rom.vhd|io:i|time:1570899734|size:1299|exec:0|csum:469EE43374060B92873AD845FBADFA53
file:..\..\..\..\library\video\vga2dvid.vhd|io:i|time:1570899734|size:9293|exec:0|csum:35FDECC866911DC94BFB7936D1DAF2D4
file:..\..\..\..\library\video\tmds_encoder.vhd|io:i|time:1570899734|size:5595|exec:0|csum:BDADD7E358046CC92526749E98B1A269
file:..\..\..\..\library\video\cga_adapter.vhd|io:i|time:1570913918|size:4209|exec:0|csum:DD4F426D908A0AE1215DF0E8580D6E5A
file:..\..\..\..\library\video\cgafonts\psf1bcd4x4.vhd|io:i|time:1570897780|size:1020|exec:0|csum:6AA4E5D31610AAEE33AFDFE63C36329A
file:..\..\..\..\library\video\cgafonts\psf1cp850x8x8.vhd|io:i|time:1570901543|size:35474|exec:0|csum:E0C84F750D4D41B313574CD6AE90D71B
file:..\..\..\..\library\video\cgafonts\psf1cp850x8x16.vhd|io:i|time:1570913842|size:283|exec:0|csum:17261F28FD132D04D28A79CE08A43EDA
file:..\..\..\..\library\video\cgafonts\psf1cp850x8x16_00_to_F7.vhd|io:i|time:1570897774|size:37183|exec:0|csum:B8976E64B11ECC5C703764AA64299E96
file:..\..\..\..\library\video\cgafonts\psf1cp850x8x16_80_to_FF.vhd|io:i|time:1570897795|size:37149|exec:0|csum:362D46042FED7120D15220E937A27B17
file:..\..\..\..\library\video\cgafonts\psf1digit8x8.vhd|io:i|time:1570901566|size:2352|exec:0|csum:0105712F02D37174A3A0D56596AFBCAA
file:..\..\..\..\library\video\cgafonts\psf1mag32x16.vhd|io:i|time:1570902077|size:30367|exec:0|csum:B6C9CFE5552956EAB10B97D0E53C0E85
file:..\syntax.log|io:o|time:1570913941|size:6073|exec:0|csum:
file:..\..\..\..\..\..\lscc\diamond\3.10_x64\synpbase\bin64\c_vhdl.exe|io:i|time:1501917310|size:5913600|exec:1|csum:93E5DE52AE488E4DC33E43C149B8DA6C
