Synopsys VHDL Compiler, version comp2017q2p1, Build 190R, built Aug  4 2017
@N|Running in 64-bit mode
Copyright (C) 1994-2017 Synopsys, Inc. This Synopsys software and all associated documentation are proprietary to Synopsys, Inc. and may only be used pursuant to the terms and conditions of a written license agreement with Synopsys, Inc. All other use, reproduction, modification, or distribution of the Synopsys software or the associated documentation is strictly prohibited.

@N: CD720 :"C:\lscc\diamond\3.10_x64\synpbase\lib\vhd\std.vhd":123:18:123:21|Setting time resolution to ps
@N:"C:\workspace\hdl4fpga\ULX3S\common\ulx3s.vhd":30:7:30:11|Top entity is set to ulx3s.
@N: CD895 :"C:/workspace/hdl4fpga/library/common/bram_true2p_2clk.vhd":42:17:42:19|Setting attribute syn_ramstyle to "no_rw_check" on shared variable ram
@W: CD643 :"C:/workspace/hdl4fpga/library/video/cgafonts/psf1cp850x8x16.vhd":5:26:5:26|Ignoring use clause - cgafonts3 not found ...
@W: CD643 :"C:/workspace/hdl4fpga/library/video/cgafonts/psf1cp850x8x16.vhd":6:26:6:26|Ignoring use clause - cgafonts4 not found ...
@E: CD255 :"C:/workspace/hdl4fpga/library/video/cgafonts/psf1cp850x8x16.vhd":12:28:12:28|No identifier "psf1cp850x8x16_00_to_f7" in scope
1 error parsing file C:/workspace/hdl4fpga/library/video/cgafonts/psf1cp850x8x16.vhd
@END
1 error parsing file C:/workspace/hdl4fpga/library/video/cgafonts/psf1cp850x8x16_00_to_F7.vhd
@END
1 error parsing file C:/workspace/hdl4fpga/library/video/cgafonts/psf1cp850x8x16_80_to_FF.vhd
@END
1 error parsing file C:/workspace/hdl4fpga/library/video/cgafonts/psf1digit8x8.vhd
@END
1 error parsing file C:/workspace/hdl4fpga/library/video/cgafonts/psf1mag32x16.vhd
@END
1 error parsing file C:/workspace/hdl4fpga/library/usb/usbcdc/usb_serial.vhd
@END
1 error parsing file C:/workspace/hdl4fpga/library/usb/usb11_phy_vhdl/usb_phy.vhd
@END
1 error parsing file C:/workspace/hdl4fpga/ULX3S/scopeio/usbserial_rxd.vhd
@END
1 error parsing file C:/workspace/hdl4fpga/ULX3S/common/hdl/oled/oled_hex_decoder.vhd
@END
1 error parsing file C:/workspace/hdl4fpga/ULX3S/common/hdl/oled/vga/oled_vga.vhd
@END
1 error parsing file C:/workspace/hdl4fpga/ULX3S/common/hdl/adc/max1112x_reader.vhd
@END
1 error parsing file C:/workspace/hdl4fpga/library/common/align.vhd
@END
@N: CD895 :"C:/workspace/hdl4fpga/library/common/bram.vhd":75:17:75:19|Setting attribute syn_ramstyle to "no_rw_check" on shared variable ram
1 error parsing file C:/workspace/hdl4fpga/library/common/bram.vhd
@END
@N: CD895 :"C:/workspace/hdl4fpga/library/common/dpram.vhd":66:17:66:19|Setting attribute syn_ramstyle to "no_rw_check" on shared variable ram
1 error parsing file C:/workspace/hdl4fpga/library/common/dpram.vhd
@END
1 error parsing file C:/workspace/hdl4fpga/library/common/rom.vhd
@END
1 error parsing file C:/workspace/hdl4fpga/library/common/bcddiv2e.vhd
@END
1 error parsing file C:/workspace/hdl4fpga/library/common/vector.vhd
@END
1 error parsing file C:/workspace/hdl4fpga/library/common/dbdbbl.vhd
@END
1 error parsing file C:/workspace/hdl4fpga/library/common/stof.vhd
@END
1 error parsing file C:/workspace/hdl4fpga/library/common/dtos.vhd
@END
1 error parsing file C:/workspace/hdl4fpga/library/common/btod.vhd
@END
1 error parsing file C:/workspace/hdl4fpga/library/common/btof.vhd
@END
1 error parsing file C:/workspace/hdl4fpga/library/common/arbiter.vhd
@END
1 error parsing file C:/workspace/hdl4fpga/library/video/videopkg.vhd
@END
1 error parsing file C:/workspace/hdl4fpga/library/scope/scopeiopkg.vhd
@END
1 error parsing file C:/workspace/hdl4fpga/library/scope/scopeio_capture1shot.vhd
@END
1 error parsing file C:/workspace/hdl4fpga/library/scope/scopeio_storage.vhd
@END
1 error parsing file C:/workspace/hdl4fpga/library/scope/scopeio_resize.vhd
@END
1 error parsing file C:/workspace/hdl4fpga/library/scope/scopeio_rgtrtrigger.vhd
@END
1 error parsing file C:/workspace/hdl4fpga/library/scope/scopeio_rgtrgain.vhd
@END
1 error parsing file C:/workspace/hdl4fpga/library/scope/scopeio_rgtrvtaxis.vhd
@END
1 error parsing file C:/workspace/hdl4fpga/library/scope/scopeio_rgtrhzaxis.vhd
@END
1 error parsing file C:/workspace/hdl4fpga/library/scope/scopeio_float2btof.vhd
@END
1 error parsing file C:/workspace/hdl4fpga/library/video/cga_rom.vhd
@END
@W: CD643 :"C:/workspace/hdl4fpga/library/video/cga_adapter.vhd":32:26:32:26|Ignoring use clause - cgafonts3 not found ...
@W: CD643 :"C:/workspace/hdl4fpga/library/video/cga_adapter.vhd":33:26:33:26|Ignoring use clause - cgafonts4 not found ...
@E: CD255 :"C:/workspace/hdl4fpga/library/video/cga_adapter.vhd":39:50:39:50|No identifier "psf1cp850x8x16" in scope
@E: CD255 :"C:/workspace/hdl4fpga/library/video/cga_adapter.vhd":58:46:58:46|No identifier "font_hcntr" in scope
@E: CD255 :"C:/workspace/hdl4fpga/library/video/cga_adapter.vhd":59:46:59:46|No identifier "font_vcntr" in scope
@E: CD255 :"C:/workspace/hdl4fpga/library/video/cga_adapter.vhd":71:22:71:22|No identifier "cga_bitrom" in scope
@E: CD415 :"C:/workspace/hdl4fpga/library/video/cga_adapter.vhd":82:26:82:26|Expecting keyword is
@E: CD632 :"C:/workspace/hdl4fpga/library/video/cga_adapter.vhd":91:26:91:26|duplicate entity name hdl4fpga
@E: CD632 :"C:/workspace/hdl4fpga/library/video/cga_adapter.vhd":100:24:100:24|duplicate entity name hdl4fpga
@E: CD632 :"C:/workspace/hdl4fpga/library/video/cga_adapter.vhd":112:24:112:24|duplicate entity name hdl4fpga
9 errors parsing file C:/workspace/hdl4fpga/library/video/cga_adapter.vhd
@END
@E: CD255 :"C:/workspace/hdl4fpga/library/scope/scopeio_textbox.vhd":18:52:18:52|No identifier "psf1cp850x8x16" in scope
@E: CD255 :"C:/workspace/hdl4fpga/library/scope/scopeio_textbox.vhd":59:78:59:78|No identifier "layout" in scope
@E: CD255 :"C:/workspace/hdl4fpga/library/scope/scopeio_textbox.vhd":59:78:59:78|Too many errors - aborting.
@END
Process took 0h:00m:01s realtime, 0h:00m:01s cputime
# Sat Oct 12 13:59:01 2019

###########################################################]
